<?xml version="1.0" encoding="UTF-8"?>
<!-- Generated by org.testng.reporters.JUnitXMLReporter -->
<testsuite hostname="Vinayaks-MBP" failures="1" tests="1" name="SingleTest" time="20.083" errors="0" timestamp="6 Jun 2022 05:09:27 GMT">
  <testcase classname="com.browserstack.SingleTest" name="test" time="2.934">
    <failure type="org.openqa.selenium.ElementNotInteractableException" message="element not interactable
  (Session info: chrome=100.0.4896.127)
Build info: version: &amp;apos;3.12.0&amp;apos;, revision: &amp;apos;7c6e0b3&amp;apos;, time: &amp;apos;2018-05-08T14:04:26.12Z&amp;apos;
System info: host: &amp;apos;Vinayaks-MBP&amp;apos;, ip: &amp;apos;fe80:0:0:0:e7:463f:1c56:6aac%en0&amp;apos;, os.name: &amp;apos;Mac OS X&amp;apos;, os.arch: &amp;apos;x86_64&amp;apos;, os.version: &amp;apos;11.6&amp;apos;, java.version: &amp;apos;17&amp;apos;
Driver info: org.openqa.selenium.remote.RemoteWebDriver
Capabilities {appActivity: com.google.android.apps.chr..., appPackage: com.android.chrome, browserName: chrome, chromedriverPort: 18085, databaseEnabled: false, desired: {browserName: chrome, chromedriverPort: 18085, deviceName: android, goog:chromeOptions: {args: [--proxy-bypass-list=&amp;lt;-loopb..., test-type, --proxy-server=http://85.20..., --disable-features=Translate]}, newCommandTimeout: 0, platformName: Android, skipServerInstallation: true, systemPort: 8205, udid: RFCN20BK8TT}, deviceApiLevel: 29, deviceManufacturer: samsung, deviceModel: SM-G981B, deviceName: RFCN20BK8TT, deviceScreenDensity: 480, deviceScreenSize: 1080x2400, deviceUDID: RFCN20BK8TT, goog:chromeOptions: {args: [--proxy-bypass-list=&amp;lt;-loopb..., test-type, --proxy-server=http://85.20..., --disable-features=Translate]}, javascriptEnabled: true, locationContextEnabled: false, networkConnectionEnabled: true, newCommandTimeout: 0, pixelRatio: 3, platform: LINUX, platformName: LINUX, platformVersion: 10, skipServerInstallation: true, statBarHeight: 77, systemPort: 8205, takesScreenshot: true, udid: RFCN20BK8TT, viewportRect: {height: 2101, left: 0, top: 77, width: 1080}, warnings: {}, webStorageEnabled: false}
Session ID: a77a2b5435fbd844da1f135c030bc9f28e6eb891">
      <![CDATA[org.openqa.selenium.ElementNotInteractableException: element not interactable
  (Session info: chrome=100.0.4896.127)
Build info: version: '3.12.0', revision: '7c6e0b3', time: '2018-05-08T14:04:26.12Z'
System info: host: 'Vinayaks-MBP', ip: 'fe80:0:0:0:e7:463f:1c56:6aac%en0', os.name: 'Mac OS X', os.arch: 'x86_64', os.version: '11.6', java.version: '17'
Driver info: org.openqa.selenium.remote.RemoteWebDriver
Capabilities {appActivity: com.google.android.apps.chr..., appPackage: com.android.chrome, browserName: chrome, chromedriverPort: 18085, databaseEnabled: false, desired: {browserName: chrome, chromedriverPort: 18085, deviceName: android, goog:chromeOptions: {args: [--proxy-bypass-list=<-loopb..., test-type, --proxy-server=http://85.20..., --disable-features=Translate]}, newCommandTimeout: 0, platformName: Android, skipServerInstallation: true, systemPort: 8205, udid: RFCN20BK8TT}, deviceApiLevel: 29, deviceManufacturer: samsung, deviceModel: SM-G981B, deviceName: RFCN20BK8TT, deviceScreenDensity: 480, deviceScreenSize: 1080x2400, deviceUDID: RFCN20BK8TT, goog:chromeOptions: {args: [--proxy-bypass-list=<-loopb..., test-type, --proxy-server=http://85.20..., --disable-features=Translate]}, javascriptEnabled: true, locationContextEnabled: false, networkConnectionEnabled: true, newCommandTimeout: 0, pixelRatio: 3, platform: LINUX, platformName: LINUX, platformVersion: 10, skipServerInstallation: true, statBarHeight: 77, systemPort: 8205, takesScreenshot: true, udid: RFCN20BK8TT, viewportRect: {height: 2101, left: 0, top: 77, width: 1080}, warnings: {}, webStorageEnabled: false}
Session ID: a77a2b5435fbd844da1f135c030bc9f28e6eb891
	at org.openqa.selenium.remote.http.W3CHttpResponseCodec.createException(W3CHttpResponseCodec.java:187)
	at org.openqa.selenium.remote.http.W3CHttpResponseCodec.decode(W3CHttpResponseCodec.java:122)
	at org.openqa.selenium.remote.http.W3CHttpResponseCodec.decode(W3CHttpResponseCodec.java:49)
	at org.openqa.selenium.remote.HttpCommandExecutor.execute(HttpCommandExecutor.java:158)
	at org.openqa.selenium.remote.RemoteWebDriver.execute(RemoteWebDriver.java:543)
	at org.openqa.selenium.remote.RemoteWebElement.execute(RemoteWebElement.java:276)
	at org.openqa.selenium.remote.RemoteWebElement.sendKeys(RemoteWebElement.java:100)
	at com.browserstack.SingleTest.test(SingleTest.java:15)
... Removed 32 stack frames]]>
    </failure>
  </testcase> <!-- test -->
</testsuite> <!-- SingleTest -->
