<?xml version="1.0" encoding="UTF-8"?>
<testsuite name="TestSuite" time="2.941" tests="1" errors="0" skipped="0" failures="1">
  <properties>
[...]
</properties>
  <testcase name="test" classname="com.browserstack.SingleTest" time="2.941">
    <failure message="element not interactable&#10;  (Session info: chrome=100.0.4896.127)&#10;Build info: version: &apos;3.12.0&apos;, revision: &apos;7c6e0b3&apos;, time: &apos;2018-05-08T14:04:26.12Z&apos;&#10;System info: host: &apos;Vinayaks-MBP&apos;, ip: &apos;fe80:0:0:0:e7:463f:1c56:6aac%en0&apos;, os.name: &apos;Mac OS X&apos;, os.arch: &apos;x86_64&apos;, os.version: &apos;11.6&apos;, java.version: &apos;17&apos;&#10;Driver info: org.openqa.selenium.remote.RemoteWebDriver&#10;Capabilities {appActivity: com.google.android.apps.chr..., appPackage: com.android.chrome, browserName: chrome, chromedriverPort: 18085, databaseEnabled: false, desired: {browserName: chrome, chromedriverPort: 18085, deviceName: android, goog:chromeOptions: {args: [--proxy-bypass-list=&lt;-loopb..., test-type, --proxy-server=http://85.20..., --disable-features=Translate]}, newCommandTimeout: 0, platformName: Android, skipServerInstallation: true, systemPort: 8205, udid: RFCN20BK8TT}, deviceApiLevel: 29, deviceManufacturer: samsung, deviceModel: SM-G981B, deviceName: RFCN20BK8TT, deviceScreenDensity: 480, deviceScreenSize: 1080x2400, deviceUDID: RFCN20BK8TT, goog:chromeOptions: {args: [--proxy-bypass-list=&lt;-loopb..., test-type, --proxy-server=http://85.20..., --disable-features=Translate]}, javascriptEnabled: true, locationContextEnabled: false, networkConnectionEnabled: true, newCommandTimeout: 0, pixelRatio: 3, platform: LINUX, platformName: LINUX, platformVersion: 10, skipServerInstallation: true, statBarHeight: 77, systemPort: 8205, takesScreenshot: true, udid: RFCN20BK8TT, viewportRect: {height: 2101, left: 0, top: 77, width: 1080}, warnings: {}, webStorageEnabled: false}&#10;Session ID: a77a2b5435fbd844da1f135c030bc9f28e6eb891" type="org.openqa.selenium.ElementNotInteractableException"><![CDATA[org.openqa.selenium.ElementNotInteractableException: element not interactable
  (Session info: chrome=100.0.4896.127)
Build info: version: '3.12.0', revision: '7c6e0b3', time: '2018-05-08T14:04:26.12Z'
System info: host: 'Vinayaks-MBP', ip: 'fe80:0:0:0:e7:463f:1c56:6aac%en0', os.name: 'Mac OS X', os.arch: 'x86_64', os.version: '11.6', java.version: '17'
Driver info: org.openqa.selenium.remote.RemoteWebDriver
Capabilities {appActivity: com.google.android.apps.chr..., appPackage: com.android.chrome, browserName: chrome, chromedriverPort: 18085, databaseEnabled: false, desired: {browserName: chrome, chromedriverPort: 18085, deviceName: android, goog:chromeOptions: {args: [--proxy-bypass-list=<-loopb..., test-type, --proxy-server=http://85.20..., --disable-features=Translate]}, newCommandTimeout: 0, platformName: Android, skipServerInstallation: true, systemPort: 8205, udid: RFCN20BK8TT}, deviceApiLevel: 29, deviceManufacturer: samsung, deviceModel: SM-G981B, deviceName: RFCN20BK8TT, deviceScreenDensity: 480, deviceScreenSize: 1080x2400, deviceUDID: RFCN20BK8TT, goog:chromeOptions: {args: [--proxy-bypass-list=<-loopb..., test-type, --proxy-server=http://85.20..., --disable-features=Translate]}, javascriptEnabled: true, locationContextEnabled: false, networkConnectionEnabled: true, newCommandTimeout: 0, pixelRatio: 3, platform: LINUX, platformName: LINUX, platformVersion: 10, skipServerInstallation: true, statBarHeight: 77, systemPort: 8205, takesScreenshot: true, udid: RFCN20BK8TT, viewportRect: {height: 2101, left: 0, top: 77, width: 1080}, warnings: {}, webStorageEnabled: false}
Session ID: a77a2b5435fbd844da1f135c030bc9f28e6eb891
	at java.base/jdk.internal.reflect.NativeConstructorAccessorImpl.newInstance0(Native Method)
	at java.base/jdk.internal.reflect.NativeConstructorAccessorImpl.newInstance(NativeConstructorAccessorImpl.java:77)
	at java.base/jdk.internal.reflect.DelegatingConstructorAccessorImpl.newInstance(DelegatingConstructorAccessorImpl.java:45)
	at java.base/java.lang.reflect.Constructor.newInstanceWithCaller(Constructor.java:499)
	at java.base/java.lang.reflect.Constructor.newInstance(Constructor.java:480)
	at org.openqa.selenium.remote.http.W3CHttpResponseCodec.createException(W3CHttpResponseCodec.java:187)
	at org.openqa.selenium.remote.http.W3CHttpResponseCodec.decode(W3CHttpResponseCodec.java:122)
	at org.openqa.selenium.remote.http.W3CHttpResponseCodec.decode(W3CHttpResponseCodec.java:49)
	at org.openqa.selenium.remote.HttpCommandExecutor.execute(HttpCommandExecutor.java:158)
	at org.openqa.selenium.remote.RemoteWebDriver.execute(RemoteWebDriver.java:543)
	at org.openqa.selenium.remote.RemoteWebElement.execute(RemoteWebElement.java:276)
	at org.openqa.selenium.remote.RemoteWebElement.sendKeys(RemoteWebElement.java:100)
	at com.browserstack.SingleTest.test(SingleTest.java:15)
]]></failure>
    <system-err><![CDATA[Jun 06, 2022 10:39:23 AM org.openqa.selenium.remote.ProtocolHandshake createSession
INFO: Detected dialect: W3C
]]></system-err>
  </testcase>
</testsuite>