<?xml version="1.0" encoding="UTF-8"?>
<!-- Generated by org.testng.reporters.JUnitXMLReporter -->
<testsuite hostname="Vinayaks-MacBook-Pro.local" failures="1" tests="1" name="SingleTestEnv3" time="15.508" errors="0" timestamp="2 Dec 2021 13:16:48 GMT">
  <testcase classname="com.browserstack.SingleTest" name="test" time="2.556">
    <failure type="org.openqa.selenium.ElementNotInteractableException" message="element not interactable
  (Session info: chrome=94.0.4606.61)
  (Driver info: chromedriver=94.0.4606.61 (418b78f5838ed0b1c69bb4e51ea0252171854915-refs/branch-heads/4606@{#1204}),platform=Linux 4.1.13-101.fc21.x86_64 x86_64) (WARNING: The server did not provide any stacktrace information)
Command duration or timeout: 0 milliseconds
Build info: version: &amp;apos;3.12.0&amp;apos;, revision: &amp;apos;7c6e0b3&amp;apos;, time: &amp;apos;2018-05-08T14:04:26.12Z&amp;apos;
System info: host: &amp;apos;Vinayaks-MacBook-Pro.local&amp;apos;, ip: &amp;apos;2409:4040:d8a:e3ac:ac0c:16b5:3a52:2fbd%en0&amp;apos;, os.name: &amp;apos;Mac OS X&amp;apos;, os.arch: &amp;apos;x86_64&amp;apos;, os.version: &amp;apos;11.6&amp;apos;, java.version: &amp;apos;17&amp;apos;
Driver info: org.openqa.selenium.remote.RemoteWebDriver
Capabilities {64bit: false, acceptSslCert: false, acceptSslCerts: false, appActivity: com.google.android.apps.chr..., appPackage: com.android.chrome, browser: chrome_android, browserName: chrome, browser_name: Android, browserstack.appium_version: 1.17.0, browserstack.is_hub_canary: false, buildName: browserstack-build-1, chromeOptions: {args: [--proxy-bypass-list=&amp;lt;-loopb..., test-type, --proxy-server=http://85.20..., --disable-features=TranslateUI], w3c: false}, chromedriverPort: 18082, databaseEnabled: false, detected_language: selenium/3.12.0 (java mac), device: Samsung Galaxy S10, deviceApiLevel: 28, deviceManufacturer: samsung, deviceModel: SM-G973F, deviceName: RF8M313HBZW, deviceOrientation: portrait, deviceScreenDensity: 420, deviceScreenSize: 1080x2280, deviceUDID: RF8M313HBZW, enablePerformanceLogging: false, javascriptEnabled: true, locationContextEnabled: false, loggingPrefs: org.openqa.selenium.logging..., mobile: {browser: mobile, version: Samsung Galaxy S10-9.0}, networkConnectionEnabled: true, newCommandTimeout: 0, new_bucketing: true, orientation: PORTRAIT, orig_os: android, osVersion: 9.0, os_version: 9.0, pixelRatio: 2.625, platform: ANDROID, platformName: ANDROID, platformVersion: 9, realMobile: true, real_mobile: true, sessionName: parallel_test, skipServerInstallation: true, statBarHeight: 112, systemPort: 8202, takesScreenshot: true, udid: RF8M313HBZW, version: , viewportRect: {height: 1930, left: 0, top: 112, width: 1080}, warnings: {}, webStorageEnabled: false}
Session ID: 6a14922c0485904b350ada1c6149901129b19d5c">
      <![CDATA[org.openqa.selenium.ElementNotInteractableException: element not interactable
  (Session info: chrome=94.0.4606.61)
  (Driver info: chromedriver=94.0.4606.61 (418b78f5838ed0b1c69bb4e51ea0252171854915-refs/branch-heads/4606@{#1204}),platform=Linux 4.1.13-101.fc21.x86_64 x86_64) (WARNING: The server did not provide any stacktrace information)
Command duration or timeout: 0 milliseconds
Build info: version: '3.12.0', revision: '7c6e0b3', time: '2018-05-08T14:04:26.12Z'
System info: host: 'Vinayaks-MacBook-Pro.local', ip: '2409:4040:d8a:e3ac:ac0c:16b5:3a52:2fbd%en0', os.name: 'Mac OS X', os.arch: 'x86_64', os.version: '11.6', java.version: '17'
Driver info: org.openqa.selenium.remote.RemoteWebDriver
Capabilities {64bit: false, acceptSslCert: false, acceptSslCerts: false, appActivity: com.google.android.apps.chr..., appPackage: com.android.chrome, browser: chrome_android, browserName: chrome, browser_name: Android, browserstack.appium_version: 1.17.0, browserstack.is_hub_canary: false, buildName: browserstack-build-1, chromeOptions: {args: [--proxy-bypass-list=<-loopb..., test-type, --proxy-server=http://85.20..., --disable-features=TranslateUI], w3c: false}, chromedriverPort: 18082, databaseEnabled: false, detected_language: selenium/3.12.0 (java mac), device: Samsung Galaxy S10, deviceApiLevel: 28, deviceManufacturer: samsung, deviceModel: SM-G973F, deviceName: RF8M313HBZW, deviceOrientation: portrait, deviceScreenDensity: 420, deviceScreenSize: 1080x2280, deviceUDID: RF8M313HBZW, enablePerformanceLogging: false, javascriptEnabled: true, locationContextEnabled: false, loggingPrefs: org.openqa.selenium.logging..., mobile: {browser: mobile, version: Samsung Galaxy S10-9.0}, networkConnectionEnabled: true, newCommandTimeout: 0, new_bucketing: true, orientation: PORTRAIT, orig_os: android, osVersion: 9.0, os_version: 9.0, pixelRatio: 2.625, platform: ANDROID, platformName: ANDROID, platformVersion: 9, realMobile: true, real_mobile: true, sessionName: parallel_test, skipServerInstallation: true, statBarHeight: 112, systemPort: 8202, takesScreenshot: true, udid: RF8M313HBZW, version: , viewportRect: {height: 1930, left: 0, top: 112, width: 1080}, warnings: {}, webStorageEnabled: false}
Session ID: 6a14922c0485904b350ada1c6149901129b19d5c
	at org.openqa.selenium.remote.ErrorHandler.createThrowable(ErrorHandler.java:214)
	at org.openqa.selenium.remote.ErrorHandler.throwIfResponseFailed(ErrorHandler.java:166)
	at org.openqa.selenium.remote.http.JsonHttpResponseCodec.reconstructValue(JsonHttpResponseCodec.java:40)
	at org.openqa.selenium.remote.http.AbstractHttpResponseCodec.decode(AbstractHttpResponseCodec.java:80)
	at org.openqa.selenium.remote.http.AbstractHttpResponseCodec.decode(AbstractHttpResponseCodec.java:44)
	at org.openqa.selenium.remote.HttpCommandExecutor.execute(HttpCommandExecutor.java:158)
	at org.openqa.selenium.remote.RemoteWebDriver.execute(RemoteWebDriver.java:543)
	at org.openqa.selenium.remote.RemoteWebElement.execute(RemoteWebElement.java:276)
	at org.openqa.selenium.remote.RemoteWebElement.sendKeys(RemoteWebElement.java:100)
	at com.browserstack.SingleTest.test(SingleTest.java:15)
	at java.base/java.util.concurrent.FutureTask.run(FutureTask.java:264)
	at java.base/java.util.concurrent.ThreadPoolExecutor.runWorker(ThreadPoolExecutor.java:1136)
	at java.base/java.util.concurrent.ThreadPoolExecutor$Worker.run(ThreadPoolExecutor.java:635)
	at java.base/java.lang.Thread.run(Thread.java:833)
... Removed 21 stack frames]]>
    </failure>
  </testcase> <!-- test -->
</testsuite> <!-- SingleTestEnv3 -->
